<?xml version="1.0" encoding="UTF-8"?>
<testsuite xmlns:xsi="http://www.w3.org/2001/XMLSchema-instance" xsi:noNamespaceSchemaLocation="https://maven.apache.org/surefire/maven-surefire-plugin/xsd/surefire-test-report.xsd" name="org.gridsuite.notification.server.NotificationWebSocketHandlerTest" time="1.934" tests="6" errors="0" skipped="0" failures="0">
  <properties>
[...]
</properties>
  <testcase name="testEncodingCharacters" classname="org.gridsuite.notification.server.NotificationWebSocketHandlerTest" time="0.836"/>
  <testcase name="testHeartbeat" classname="org.gridsuite.notification.server.NotificationWebSocketHandlerTest" time="1.011"/>
  <testcase name="testStudyFilter" classname="org.gridsuite.notification.server.NotificationWebSocketHandlerTest" time="0.019"/>
  <testcase name="testWithoutFilter" classname="org.gridsuite.notification.server.NotificationWebSocketHandlerTest" time="0.029"/>
  <testcase name="testTypeFilter" classname="org.gridsuite.notification.server.NotificationWebSocketHandlerTest" time="0.021"/>
  <testcase name="testStudyAndTypeFilter" classname="org.gridsuite.notification.server.NotificationWebSocketHandlerTest" time="0.015"/>
</testsuite>